<?xml version="1.0" encoding="UTF-8"?>
<!-- Generated by org.testng.reporters.JUnitReportReporter -->
<testsuite hostname="LAPTOP-CNCB6M6B" failures="0" tests="1" name="MyRunner.TestRunner" time="9.756" errors="0" timestamp="14 Oct 2021 07:49:07 GMT" skipped="0">
  <testcase classname="MyRunner.TestRunner" name="feature" time="9.756"/>
</testsuite> <!-- MyRunner.TestRunner -->
